#
# There is insufficient memory for the Java Runtime Environment to continue.
# Native memory allocation (malloc) failed to allocate 137536 bytes for Chunk::new
# Possible reasons:
#   The system is out of physical RAM or swap space
#   The process is running with CompressedOops enabled, and the Java Heap may be blocking the growth of the native heap
# Possible solutions:
#   Reduce memory load on the system
#   Increase physical memory or swap space
#   Check if swap backing store is full
#   Decrease Java heap size (-Xmx/-Xms)
#   Decrease number of Java threads
#   Decrease Java thread stack sizes (-Xss)
#   Set larger code cache with -XX:ReservedCodeCacheSize=
#   JVM is running with Unscaled Compressed Oops mode in which the Java heap is
#     placed in the first 4GB address space. The Java Heap base address is the
#     maximum limit for the native heap growth. Please use -XX:HeapBaseMinAddress
#     to set the Java Heap base and to place the Java Heap above 4GB virtual address.
# This output file may be truncated or incomplete.
#
#  Out of Memory Error (./src/hotspot/share/memory/arena.cpp:197), pid=8672, tid=5504
#
# JRE version: OpenJDK Runtime Environment Temurin-11.0.14+9 (11.0.14+9) (build 11.0.14+9)
# Java VM: OpenJDK 64-Bit Server VM Temurin-11.0.14+9 (11.0.14+9, mixed mode, tiered, compressed oops, g1 gc, windows-amd64)
# No core dump will be written. Minidumps are not enabled by default on client versions of Windows
#

---------------  S U M M A R Y ------------

Command Line: -Dapplication.home=C:\Program Files\Eclipse Adoptium\jdk-11.0.14.9-hotspot --add-modules=ALL-DEFAULT -Xms8m -Djdk.module.main=jdk.compiler jdk.compiler/com.sun.tools.javac.Main -d C:\Users\User\OneDrive\Documents\NetBeansProjects\Lottery\build\classes -classpath C:\Users\User\OneDrive\Documents\NetBeansProjects\Lottery\build\classes -sourcepath C:\Users\User\OneDrive\Documents\NetBeansProjects\Lottery\build\empty -target 11 -encoding UTF-8 -g -processorpath C:\Users\User\OneDrive\Documents\NetBeansProjects\Lottery\build\empty -s C:\Users\User\OneDrive\Documents\NetBeansProjects\Lottery\build\generated-sources\ap-source-output -source 11 C:\Users\User\OneDrive\Documents\NetBeansProjects\Lottery\src\lottery\Lottery.java

Host: Intel(R) Celeron(R) CPU N3350 @ 1.10GHz, 2 cores, 3G,  Windows 10 , 64 bit Build 19041 (10.0.19041.1806)
Time: Sun Jul 17 23:15:10 2022 Central Daylight Time elapsed time: 0.305413 seconds (0d 0h 0m 0s)

---------------  T H R E A D  ---------------

Current thread (0x00000252a84c2000):  JavaThread "C2 CompilerThread0" daemon [_thread_in_native, id=5504, stack(0x000000cb0ef00000,0x000000cb0f000000)]


Current CompileTask:
C2:    305  144       4       java.util.HashMap::putVal (300 bytes)

Stack: [0x000000cb0ef00000,0x000000cb0f000000]
Native frames: (J=compiled Java code, j=interpreted, Vv=VM code, C=native code)
V  [jvm.dll+0x61e59a]
V  [jvm.dll+0x7aaca9]
V  [jvm.dll+0x7ac398]
V  [jvm.dll+0x7aca73]
V  [jvm.dll+0x24f9b8]
V  [jvm.dll+0xc260c]
V  [jvm.dll+0xc2bcc]
V  [jvm.dll+0x2c1884]
V  [jvm.dll+0x52d899]
V  [jvm.dll+0x210fcd]
V  [jvm.dll+0x20ac34]
V  [jvm.dll+0x207ccb]
V  [jvm.dll+0x18a2c1]
V  [jvm.dll+0x217734]
V  [jvm.dll+0x21597b]
V  [jvm.dll+0x76d7c0]
V  [jvm.dll+0x766724]
V  [jvm.dll+0x61d3f6]
C  [ucrtbase.dll+0x21bb2]
C  [KERNEL32.DLL+0x17034]
C  [ntdll.dll+0x52651]


---------------  P R O C E S S  ---------------

Threads class SMR info:
_java_thread_list=0x00000252a8529db0, length=10, elements={
0x000002528c0f9000, 0x00000252a845e800, 0x00000252a8460000, 0x00000252a845b800,
0x00000252a84bd800, 0x00000252a84bf000, 0x00000252a84c2000, 0x00000252a8470000,
0x00000252a84cf000, 0x00000252a8724800
}

Java Threads: ( => current thread )
  0x000002528c0f9000 JavaThread "main" [_thread_in_vm, id=12588, stack(0x000000cb0e300000,0x000000cb0e400000)]
  0x00000252a845e800 JavaThread "Reference Handler" daemon [_thread_blocked, id=9272, stack(0x000000cb0ea00000,0x000000cb0eb00000)]
  0x00000252a8460000 JavaThread "Finalizer" daemon [_thread_blocked, id=5252, stack(0x000000cb0eb00000,0x000000cb0ec00000)]
  0x00000252a845b800 JavaThread "Signal Dispatcher" daemon [_thread_blocked, id=10760, stack(0x000000cb0ec00000,0x000000cb0ed00000)]
  0x00000252a84bd800 JavaThread "Attach Listener" daemon [_thread_blocked, id=3648, stack(0x000000cb0ed00000,0x000000cb0ee00000)]
  0x00000252a84bf000 JavaThread "Service Thread" daemon [_thread_blocked, id=3260, stack(0x000000cb0ee00000,0x000000cb0ef00000)]
=>0x00000252a84c2000 JavaThread "C2 CompilerThread0" daemon [_thread_in_native, id=5504, stack(0x000000cb0ef00000,0x000000cb0f000000)]
  0x00000252a8470000 JavaThread "C1 CompilerThread0" daemon [_thread_blocked, id=9192, stack(0x000000cb0f000000,0x000000cb0f100000)]
  0x00000252a84cf000 JavaThread "Sweeper thread" daemon [_thread_blocked, id=10232, stack(0x000000cb0f100000,0x000000cb0f200000)]
  0x00000252a8724800 JavaThread "Common-Cleaner" daemon [_thread_blocked, id=11672, stack(0x000000cb0f200000,0x000000cb0f300000)]

Other Threads:
  0x00000252a8428000 VMThread "VM Thread" [stack: 0x000000cb0e900000,0x000000cb0ea00000] [id=12224]
  0x00000252a883e800 WatcherThread [stack: 0x0000000000000000,0x0000000000000000] [id=13136]
  0x000002528c10f800 GCTaskThread "GC Thread#0" [stack: 0x000000cb0e400000,0x000000cb0e500000] [id=5980]
  0x00000252a883d800 GCTaskThread "GC Thread#1" [stack: 0x0000000000000000,0x0000000000000000] [id=10400]
  0x000002528c12b000 ConcurrentGCThread "G1 Main Marker" [stack: 0x000000cb0e500000,0x000000cb0e600000] [id=5928]
  0x000002528c12d000 ConcurrentGCThread "G1 Conc#0" [stack: 0x000000cb0e600000,0x000000cb0e700000] [id=5872]
  0x000002528c13d800 ConcurrentGCThread "G1 Refine#0" [stack: 0x000000cb0e700000,0x000000cb0e800000] [id=11720]
  0x000002528c13f800 ConcurrentGCThread "G1 Young RemSet Sampling" [stack: 0x000000cb0e800000,0x000000cb0e900000] [id=1740]

Threads with active compile tasks:
C2 CompilerThread0    337  144       4       java.util.HashMap::putVal (300 bytes)

VM state:at safepoint (normal execution)

VM Mutex/Monitor currently owned by a thread:  ([mutex/lock_event])
[0x000002528a0ebb80] Threads_lock - owner thread: 0x00000252a8428000
[0x000002528a0e9ff0] Heap_lock - owner thread: 0x000002528c0f9000

Heap address: 0x00000000c2600000, size: 986 MB, Compressed Oops mode: 32-bit
Narrow klass base: 0x0000000000000000, Narrow klass shift: 3
Compressed class space size: 1073741824 Address: 0x0000000100000000

Heap:
 garbage-first heap   total 8192K, used 1456K [0x00000000c2600000, 0x0000000100000000)
  region size 1024K, 3 young (3072K), 1 survivors (1024K)
 Metaspace       used 4689K, capacity 4707K, committed 4864K, reserved 1062912K
  class space    used 388K, capacity 398K, committed 512K, reserved 1048576K
Heap Regions: E=young(eden), S=young(survivor), O=old, HS=humongous(starts), HC=humongous(continues), CS=collection set, F=free, A=archive, TAMS=top-at-mark-start (previous, next)
|   0|0x00000000c2600000, 0x00000000c2600000, 0x00000000c2700000|  0%| F|  |TAMS 0x00000000c2600000, 0x00000000c2600000| Untracked 
|   1|0x00000000c2700000, 0x00000000c2700000, 0x00000000c2800000|  0%| F|  |TAMS 0x00000000c2700000, 0x00000000c2700000| Untracked 
|   2|0x00000000c2800000, 0x00000000c2800000, 0x00000000c2900000|  0%| F|  |TAMS 0x00000000c2800000, 0x00000000c2800000| Untracked 
|   3|0x00000000c2900000, 0x00000000c2900000, 0x00000000c2a00000|  0%| F|  |TAMS 0x00000000c2900000, 0x00000000c2900000| Untracked 
|   4|0x00000000c2a00000, 0x00000000c2a00000, 0x00000000c2b00000|  0%| F|  |TAMS 0x00000000c2a00000, 0x00000000c2a00000| Untracked 
|   5|0x00000000c2b00000, 0x00000000c2b48000, 0x00000000c2c00000| 28%| S|  |TAMS 0x00000000c2b00000, 0x00000000c2b00000| Complete 
|   6|0x00000000c2c00000, 0x00000000c2c6c150, 0x00000000c2d00000| 42%| E|CS|TAMS 0x00000000c2c00000, 0x00000000c2c6c150| Complete 
|   7|0x00000000c2d00000, 0x00000000c2e00000, 0x00000000c2e00000|100%| E|CS|TAMS 0x00000000c2d00000, 0x00000000c2e00000| Complete 

Card table byte_map: [0x000002528bee0000,0x000002528c0d0000] _byte_map_base: 0x000002528b8cd000

Marking Bits (Prev, Next): (CMBitMap*) 0x000002528c126478, (CMBitMap*) 0x000002528c1264b0
 Prev Bits: [0x00000252a3a30000, 0x00000252a4998000)
 Next Bits: [0x00000252a49a0000, 0x00000252a5908000)

Polling page: 0x0000025289fc0000

Metaspace:

Usage:
  Non-class:      4.21 MB capacity,     4.20 MB (>99%) used,     6.09 KB ( <1%) free+waste,     1.56 KB ( <1%) overhead. 
      Class:    398.00 KB capacity,   388.27 KB ( 98%) used,     8.80 KB (  2%) free+waste,   960 bytes ( <1%) overhead. 
       Both:      4.60 MB capacity,     4.58 MB (>99%) used,    14.88 KB ( <1%) free+waste,     2.50 KB ( <1%) overhead. 

Virtual space:
  Non-class space:       14.00 MB reserved,       4.25 MB ( 30%) committed 
      Class space:        1.00 GB reserved,     512.00 KB ( <1%) committed 
             Both:        1.01 GB reserved,       4.75 MB ( <1%) committed 

Chunk freelists:
   Non-Class:  43.00 KB
       Class:  0 bytes
        Both:  43.00 KB

MaxMetaspaceSize: 17179869184.00 GB
CompressedClassSpaceSize: 1.00 GB
Initial GC threshold: 20.80 MB
Current GC threshold: 20.80 MB
CDS: off

CodeHeap 'non-profiled nmethods': size=120064Kb used=52Kb max_used=52Kb free=120011Kb
 bounds [0x000002529c300000, 0x000002529c570000, 0x00000252a3840000]
CodeHeap 'profiled nmethods': size=120000Kb used=203Kb max_used=203Kb free=119796Kb
 bounds [0x0000025294dd0000, 0x0000025295040000, 0x000002529c300000]
CodeHeap 'non-nmethods': size=5696Kb used=1051Kb max_used=1063Kb free=4644Kb
 bounds [0x0000025294840000, 0x0000025294ab0000, 0x0000025294dd0000]
 total_blobs=459 nmethods=176 adapters=197
 compilation: enabled
              stopped_count=0, restarted_count=0
 full_count=0

Compilation events (20 events):
Event: 0.292 Thread 0x00000252a84c2000 nmethod 143 0x000002529c30ad10 code [0x000002529c30aea0, 0x000002529c30af38]
Event: 0.292 Thread 0x00000252a84c2000  144       4       java.util.HashMap::putVal (300 bytes)
Event: 0.293 Thread 0x00000252a8470000 nmethod 146 0x0000025294df9b10 code [0x0000025294df9ce0, 0x0000025294dfa0b8]
Event: 0.293 Thread 0x00000252a8470000  147       3       java.util.HashMap$KeySet::iterator (12 bytes)
Event: 0.293 Thread 0x00000252a8470000 nmethod 147 0x0000025294dfa210 code [0x0000025294dfa3e0, 0x0000025294dfa648]
Event: 0.293 Thread 0x00000252a8470000  148       3       java.util.HashSet::iterator (13 bytes)
Event: 0.293 Thread 0x00000252a8470000 nmethod 148 0x0000025294dfa710 code [0x0000025294dfa8e0, 0x0000025294dfab58]
Event: 0.294 Thread 0x00000252a8470000  150       3       java.lang.module.ResolvedModule::hashCode (16 bytes)
Event: 0.294 Thread 0x00000252a8470000 nmethod 150 0x0000025294dfac90 code [0x0000025294dfae60, 0x0000025294dfb0f8]
Event: 0.294 Thread 0x00000252a8470000  151       1       java.util.KeyValueHolder::getKey (5 bytes)
Event: 0.295 Thread 0x00000252a8470000 nmethod 151 0x000002529c30b010 code [0x000002529c30b1c0, 0x000002529c30b278]
Event: 0.295 Thread 0x00000252a8470000  152       1       java.util.KeyValueHolder::getValue (5 bytes)
Event: 0.295 Thread 0x00000252a8470000 nmethod 152 0x000002529c30b310 code [0x000002529c30b4c0, 0x000002529c30b578]
Event: 0.295 Thread 0x00000252a8470000  153       3       java.util.HashSet::contains (9 bytes)
Event: 0.296 Thread 0x00000252a8470000 nmethod 153 0x0000025294dfb210 code [0x0000025294dfb400, 0x0000025294dfb818]
Event: 0.300 Thread 0x00000252a8470000  154       3       java.lang.String::indexOf (7 bytes)
Event: 0.301 Thread 0x00000252a8470000 nmethod 154 0x0000025294dfb990 code [0x0000025294dfbb80, 0x0000025294dfbe78]
Event: 0.301 Thread 0x00000252a8470000  155       3       java.lang.String::indexOf (29 bytes)
Event: 0.301 Thread 0x00000252a8470000 nmethod 155 0x0000025294dfbf90 code [0x0000025294dfc160, 0x0000025294dfc3d8]
Event: 0.301 Thread 0x00000252a8470000  156       3       java.lang.StringLatin1::indexOf (61 bytes)

GC Heap History (0 events):
No events

Deoptimization events (0 events):
No events

Classes redefined (0 events):
No events

Internal exceptions (0 events):
No events

Events (20 events):
Event: 0.260 loading class java/nio/file/Watchable done
Event: 0.260 loading class java/nio/file/Path done
Event: 0.260 loading class java/lang/module/ModuleFinder$1
Event: 0.260 loading class java/lang/module/ModuleFinder$1 done
Event: 0.263 loading class java/lang/ModuleLayer
Event: 0.263 loading class java/lang/ModuleLayer done
Event: 0.263 loading class java/util/HashMap$Values
Event: 0.263 loading class java/util/HashMap$Values done
Event: 0.264 loading class java/util/HashMap$ValueIterator
Event: 0.264 loading class java/util/HashMap$ValueIterator done
Event: 0.265 loading class java/util/LinkedHashSet
Event: 0.265 loading class java/util/LinkedHashSet done
Event: 0.266 loading class java/util/Collections$UnmodifiableCollection$1
Event: 0.267 loading class java/util/Collections$UnmodifiableCollection$1 done
Event: 0.267 loading class java/lang/module/ResolvedModule
Event: 0.267 loading class java/lang/module/ResolvedModule done
Event: 0.295 loading class jdk/internal/module/ModuleLoaderMap
Event: 0.295 loading class jdk/internal/module/ModuleLoaderMap done
Event: 0.299 loading class jdk/internal/module/ModuleLoaderMap$Mapper
Event: 0.299 loading class jdk/internal/module/ModuleLoaderMap$Mapper done


Dynamic libraries:
0x00007ff72a530000 - 0x00007ff72a537000 	C:\Program Files\Eclipse Adoptium\jdk-11.0.14.9-hotspot\bin\javac.exe
0x00007ffa89530000 - 0x00007ffa89728000 	C:\WINDOWS\SYSTEM32\ntdll.dll
0x00007ffa888b0000 - 0x00007ffa8896d000 	C:\WINDOWS\System32\KERNEL32.DLL
0x00007ffa86cf0000 - 0x00007ffa86fbe000 	C:\WINDOWS\System32\KERNELBASE.dll
0x00007ffa871c0000 - 0x00007ffa872c0000 	C:\WINDOWS\System32\ucrtbase.dll
0x00007ffa81ce0000 - 0x00007ffa81cf5000 	C:\Program Files\Eclipse Adoptium\jdk-11.0.14.9-hotspot\bin\VCRUNTIME140.dll
0x00007ffa83310000 - 0x00007ffa83327000 	C:\Program Files\Eclipse Adoptium\jdk-11.0.14.9-hotspot\bin\jli.dll
0x00007ffa87790000 - 0x00007ffa87930000 	C:\WINDOWS\System32\USER32.dll
0x00007ffa86ff0000 - 0x00007ffa87012000 	C:\WINDOWS\System32\win32u.dll
0x00007ffa87b00000 - 0x00007ffa87b2a000 	C:\WINDOWS\System32\GDI32.dll
0x00007ffa87020000 - 0x00007ffa8712b000 	C:\WINDOWS\System32\gdi32full.dll
0x00007ffa86c50000 - 0x00007ffa86ced000 	C:\WINDOWS\System32\msvcp_win.dll
0x00007ffa71de0000 - 0x00007ffa7207a000 	C:\WINDOWS\WinSxS\amd64_microsoft.windows.common-controls_6595b64144ccf1df_6.0.19041.1110_none_60b5254171f9507e\COMCTL32.dll
0x00007ffa87930000 - 0x00007ffa879ce000 	C:\WINDOWS\System32\msvcrt.dll
0x00007ffa89460000 - 0x00007ffa89490000 	C:\WINDOWS\System32\IMM32.DLL
0x00007ffa7e7e0000 - 0x00007ffa7e87b000 	C:\Program Files\Eclipse Adoptium\jdk-11.0.14.9-hotspot\bin\msvcp140.dll
0x00007ffa4c850000 - 0x00007ffa4d3d1000 	C:\Program Files\Eclipse Adoptium\jdk-11.0.14.9-hotspot\bin\server\jvm.dll
0x00007ffa884a0000 - 0x00007ffa8854e000 	C:\WINDOWS\System32\ADVAPI32.dll
0x00007ffa88970000 - 0x00007ffa88a0c000 	C:\WINDOWS\System32\sechost.dll
0x00007ffa879d0000 - 0x00007ffa87af5000 	C:\WINDOWS\System32\RPCRT4.dll
0x00007ffa87700000 - 0x00007ffa87708000 	C:\WINDOWS\System32\PSAPI.DLL
0x00007ffa71a40000 - 0x00007ffa71a49000 	C:\WINDOWS\SYSTEM32\WSOCK32.dll
0x00007ffa62920000 - 0x00007ffa62947000 	C:\WINDOWS\SYSTEM32\WINMM.dll
0x00007ffa88bf0000 - 0x00007ffa88c5b000 	C:\WINDOWS\System32\WS2_32.dll
0x00007ffa75ec0000 - 0x00007ffa75eca000 	C:\WINDOWS\SYSTEM32\VERSION.dll
0x00007ffa854e0000 - 0x00007ffa854f2000 	C:\WINDOWS\SYSTEM32\kernel.appcore.dll
0x00007ffa834e0000 - 0x00007ffa834f0000 	C:\Program Files\Eclipse Adoptium\jdk-11.0.14.9-hotspot\bin\verify.dll
0x00007ffa851b0000 - 0x00007ffa85394000 	C:\WINDOWS\SYSTEM32\DBGHELP.DLL
0x00007ffa6e0a0000 - 0x00007ffa6e0cc000 	C:\WINDOWS\SYSTEM32\dbgcore.DLL
0x00007ffa87130000 - 0x00007ffa871b2000 	C:\WINDOWS\System32\bcryptPrimitives.dll
0x00007ffa7ea70000 - 0x00007ffa7ea98000 	C:\Program Files\Eclipse Adoptium\jdk-11.0.14.9-hotspot\bin\java.dll
0x00007ffa83370000 - 0x00007ffa8337a000 	C:\Program Files\Eclipse Adoptium\jdk-11.0.14.9-hotspot\bin\jimage.dll
0x00007ffa812e0000 - 0x00007ffa812f8000 	C:\Program Files\Eclipse Adoptium\jdk-11.0.14.9-hotspot\bin\zip.dll
0x00007ffa88c60000 - 0x00007ffa893a4000 	C:\WINDOWS\System32\SHELL32.dll
0x00007ffa84a00000 - 0x00007ffa85194000 	C:\WINDOWS\SYSTEM32\windows.storage.dll
0x00007ffa88550000 - 0x00007ffa888a4000 	C:\WINDOWS\System32\combase.dll
0x00007ffa866b0000 - 0x00007ffa866e0000 	C:\WINDOWS\SYSTEM32\Wldp.dll
0x00007ffa88a10000 - 0x00007ffa88abd000 	C:\WINDOWS\System32\SHCORE.dll
0x00007ffa89490000 - 0x00007ffa894e5000 	C:\WINDOWS\System32\shlwapi.dll
0x00007ffa86b90000 - 0x00007ffa86baf000 	C:\WINDOWS\SYSTEM32\profapi.dll

dbghelp: loaded successfully - version: 4.0.5 - missing functions: none
symbol engine: initialized successfully - sym options: 0x614 - pdb path: .;C:\Program Files\Eclipse Adoptium\jdk-11.0.14.9-hotspot\bin;C:\WINDOWS\SYSTEM32;C:\WINDOWS\WinSxS\amd64_microsoft.windows.common-controls_6595b64144ccf1df_6.0.19041.1110_none_60b5254171f9507e;C:\Program Files\Eclipse Adoptium\jdk-11.0.14.9-hotspot\bin\server

VM Arguments:
jvm_args: -Dapplication.home=C:\Program Files\Eclipse Adoptium\jdk-11.0.14.9-hotspot --add-modules=ALL-DEFAULT -Xms8m -Djdk.module.main=jdk.compiler 
java_command: jdk.compiler/com.sun.tools.javac.Main -d C:\Users\User\OneDrive\Documents\NetBeansProjects\Lottery\build\classes -classpath C:\Users\User\OneDrive\Documents\NetBeansProjects\Lottery\build\classes -sourcepath C:\Users\User\OneDrive\Documents\NetBeansProjects\Lottery\build\empty -target 11 -encoding UTF-8 -g -processorpath C:\Users\User\OneDrive\Documents\NetBeansProjects\Lottery\build\empty -s C:\Users\User\OneDrive\Documents\NetBeansProjects\Lottery\build\generated-sources\ap-source-output -source 11 C:\Users\User\OneDrive\Documents\NetBeansProjects\Lottery\src\lottery\Lottery.java
java_class_path (initial): <not set>
Launcher Type: SUN_STANDARD

[Global flags]
     intx CICompilerCount                          = 2                                         {product} {ergonomic}
     uint ConcGCThreads                            = 1                                         {product} {ergonomic}
     uint G1ConcRefinementThreads                  = 2                                         {product} {ergonomic}
   size_t G1HeapRegionSize                         = 1048576                                   {product} {ergonomic}
    uintx GCDrainStackTargetSize                   = 64                                        {product} {ergonomic}
   size_t InitialHeapSize                          = 8388608                                   {product} {command line}
   size_t MarkStackSize                            = 4194304                                   {product} {ergonomic}
   size_t MaxHeapSize                              = 1033895936                                {product} {ergonomic}
   size_t MaxNewSize                               = 619708416                                 {product} {ergonomic}
   size_t MinHeapDeltaBytes                        = 1048576                                   {product} {ergonomic}
    uintx NonNMethodCodeHeapSize                   = 5825164                                {pd product} {ergonomic}
    uintx NonProfiledCodeHeapSize                  = 122916538                              {pd product} {ergonomic}
    uintx ProfiledCodeHeapSize                     = 122916538                              {pd product} {ergonomic}
    uintx ReservedCodeCacheSize                    = 251658240                              {pd product} {ergonomic}
     bool SegmentedCodeCache                       = true                                      {product} {ergonomic}
     bool UseCompressedClassPointers               = true                                 {lp64_product} {ergonomic}
     bool UseCompressedOops                        = true                                 {lp64_product} {ergonomic}
     bool UseG1GC                                  = true                                      {product} {ergonomic}
     bool UseLargePagesIndividualAllocation        = false                                  {pd product} {ergonomic}

Logging:
Log output configuration:
 #0: stdout all=warning uptime,level,tags
 #1: stderr all=off uptime,level,tags

Environment Variables:
JAVA_HOME=C:\Program Files\Eclipse Adoptium\jdk-11.0.14.9-hotspot\
PATH=C:\Program Files (x86)\Common Files\Intel\Shared Libraries\redist\intel64_win\compiler;C:\Program Files\Eclipse Adoptium\jdk-11.0.14.9-hotspot\bin;C:\Program Files (x86)\Common Files\Intel\Shared Libraries\redist\intel64\compiler;C:\WINDOWS\system32;C:\WINDOWS;C:\WINDOWS\System32\Wbem;C:\WINDOWS\System32\WindowsPowerShell\v1.0\;C:\WINDOWS\System32\OpenSSH\;C:\Users\User\AppData\Local\Programs\Python\Python310\Scripts\;C:\Users\User\AppData\Local\Programs\Python\Python310\;C:\Users\User\AppData\Local\Microsoft\WindowsApps;C:\ProgramData\User\atom\bin;C:\Users\User\AppData\Local\Programs\Microsoft VS Code\bin
USERNAME=User
OS=Windows_NT
PROCESSOR_IDENTIFIER=Intel64 Family 6 Model 92 Stepping 9, GenuineIntel



---------------  S Y S T E M  ---------------

OS: Windows 10 , 64 bit Build 19041 (10.0.19041.1806)
OS uptime: 2 days 13:17 hours

CPU:total 2 (initial active 2) (2 cores per cpu, 1 threads per core) family 6 model 92 stepping 9 microcode 0x3c, cmov, cx8, fxsr, mmx, sse, sse2, sse3, ssse3, sse4.1, sse4.2, popcnt, aes, clmul, erms, 3dnowpref, tsc, tscinvbit, sha

Memory: 4k page, system-wide physical 3936M (803M free)
TotalPageFile size 5324M (AvailPageFile size 4M)
current process WorkingSet (physical memory assigned to process): 28M, peak: 28M
current process commit charge ("private bytes"): 66M, peak: 66M

vm_info: OpenJDK 64-Bit Server VM (11.0.14+9) for windows-amd64 JRE (11.0.14+9), built on Jan 19 2022 06:39:50 by "" with unknown MS VC++:1916

END.
