#
# There is insufficient memory for the Java Runtime Environment to continue.
# Native memory allocation (malloc) failed to allocate 1048576 bytes for AllocateHeap
# Possible reasons:
#   The system is out of physical RAM or swap space
#   The process is running with CompressedOops enabled, and the Java Heap may be blocking the growth of the native heap
# Possible solutions:
#   Reduce memory load on the system
#   Increase physical memory or swap space
#   Check if swap backing store is full
#   Decrease Java heap size (-Xmx/-Xms)
#   Decrease number of Java threads
#   Decrease Java thread stack sizes (-Xss)
#   Set larger code cache with -XX:ReservedCodeCacheSize=
# This output file may be truncated or incomplete.
#
#  Out of Memory Error (./src/hotspot/share/memory/allocation.cpp:46), pid=1012, tid=10424
#
# JRE version:  (11.0.14+9) (build )
# Java VM: OpenJDK 64-Bit Server VM (11.0.14+9, mixed mode, sharing, tiered, compressed oops, g1 gc, windows-amd64)
# No core dump will be written. Minidumps are not enabled by default on client versions of Windows
#

---------------  S U M M A R Y ------------

Command Line: -Dapplication.home=C:\Program Files\Eclipse Adoptium\jdk-11.0.14.9-hotspot --add-modules=ALL-DEFAULT -Xms8m -Djdk.module.main=jdk.compiler jdk.compiler/com.sun.tools.javac.Main -d C:\Users\User\OneDrive\Documents\NetBeansProjects\Lottery\build\classes -classpath C:\Users\User\OneDrive\Documents\NetBeansProjects\Lottery\build\classes -sourcepath C:\Users\User\OneDrive\Documents\NetBeansProjects\Lottery\build\empty -target 11 -encoding UTF-8 -g -processorpath C:\Users\User\OneDrive\Documents\NetBeansProjects\Lottery\build\empty -s C:\Users\User\OneDrive\Documents\NetBeansProjects\Lottery\build\generated-sources\ap-source-output -source 11 C:\Users\User\OneDrive\Documents\NetBeansProjects\Lottery\src\lottery\Lottery.java

Host: Intel(R) Celeron(R) CPU N3350 @ 1.10GHz, 2 cores, 3G,  Windows 10 , 64 bit Build 19041 (10.0.19041.1806)
Time: Sun Jul 17 20:25:22 2022 Central Daylight Time elapsed time: 0.025173 seconds (0d 0h 0m 0s)

---------------  T H R E A D  ---------------

Current thread (0x000001bfa99ac000):  JavaThread "Unknown thread" [_thread_in_vm, id=10424, stack(0x000000ac69400000,0x000000ac69500000)]

Stack: [0x000000ac69400000,0x000000ac69500000]
Native frames: (J=compiled Java code, j=interpreted, Vv=VM code, C=native code)
V  [jvm.dll+0x61e59a]
V  [jvm.dll+0x7aaca9]
V  [jvm.dll+0x7ac398]
V  [jvm.dll+0x7aca73]
V  [jvm.dll+0x24f9b8]
V  [jvm.dll+0xb95d4]
V  [jvm.dll+0x2eba44]
V  [jvm.dll+0x2e5849]
V  [jvm.dll+0x784b07]
V  [jvm.dll+0x78628f]
V  [jvm.dll+0x35f479]
V  [jvm.dll+0x767aa0]
V  [jvm.dll+0x3ccf1f]
V  [jvm.dll+0x3cf2b1]
C  [jli.dll+0x5207]
C  [ucrtbase.dll+0x21bb2]
C  [KERNEL32.DLL+0x17034]
C  [ntdll.dll+0x52651]


---------------  P R O C E S S  ---------------

Threads class SMR info:
_java_thread_list=0x000001bfa7f92f70, length=0, elements={
}

Java Threads: ( => current thread )

Other Threads:
  0x000001bfa99c4800 GCTaskThread "GC Thread#0" [stack: 0x000000ac69500000,0x000000ac69600000] [id=12472]

[error occurred during error reporting (printing all threads), id 0xc0000005, EXCEPTION_ACCESS_VIOLATION (0xc0000005) at pc=0x00007ffa4cb41030]

VM state:not at safepoint (not fully initialized)

VM Mutex/Monitor currently owned by a thread:  ([mutex/lock_event])
[0x000001bfa99a8bd0] Heap_lock - owner thread: 0x000001bfa99ac000

Heap address: 0x00000000c2600000, size: 986 MB, Compressed Oops mode: Non-zero based: 0x00000000c2600000
Narrow klass base: 0x0000000000000000, Narrow klass shift: 0

GC Heap History (0 events):
No events

Deoptimization events (0 events):
No events

Classes redefined (0 events):
No events

Internal exceptions (0 events):
No events

Events (1 events):
Event: 0.016 Loaded shared library C:\Program Files\Eclipse Adoptium\jdk-11.0.14.9-hotspot\bin\zip.dll


Dynamic libraries:
0x00007ff72a530000 - 0x00007ff72a537000 	C:\Program Files\Eclipse Adoptium\jdk-11.0.14.9-hotspot\bin\javac.exe
0x00007ffa89530000 - 0x00007ffa89728000 	C:\WINDOWS\SYSTEM32\ntdll.dll
0x00007ffa888b0000 - 0x00007ffa8896d000 	C:\WINDOWS\System32\KERNEL32.DLL
0x00007ffa86cf0000 - 0x00007ffa86fbe000 	C:\WINDOWS\System32\KERNELBASE.dll
0x00007ffa871c0000 - 0x00007ffa872c0000 	C:\WINDOWS\System32\ucrtbase.dll
0x00007ffa81ce0000 - 0x00007ffa81cf5000 	C:\Program Files\Eclipse Adoptium\jdk-11.0.14.9-hotspot\bin\VCRUNTIME140.dll
0x00007ffa83310000 - 0x00007ffa83327000 	C:\Program Files\Eclipse Adoptium\jdk-11.0.14.9-hotspot\bin\jli.dll
0x00007ffa87790000 - 0x00007ffa87930000 	C:\WINDOWS\System32\USER32.dll
0x00007ffa86ff0000 - 0x00007ffa87012000 	C:\WINDOWS\System32\win32u.dll
0x00007ffa87b00000 - 0x00007ffa87b2a000 	C:\WINDOWS\System32\GDI32.dll
0x00007ffa87020000 - 0x00007ffa8712b000 	C:\WINDOWS\System32\gdi32full.dll
0x00007ffa86c50000 - 0x00007ffa86ced000 	C:\WINDOWS\System32\msvcp_win.dll
0x00007ffa71de0000 - 0x00007ffa7207a000 	C:\WINDOWS\WinSxS\amd64_microsoft.windows.common-controls_6595b64144ccf1df_6.0.19041.1110_none_60b5254171f9507e\COMCTL32.dll
0x00007ffa87930000 - 0x00007ffa879ce000 	C:\WINDOWS\System32\msvcrt.dll
0x00007ffa89460000 - 0x00007ffa89490000 	C:\WINDOWS\System32\IMM32.DLL
0x00007ffa7e7e0000 - 0x00007ffa7e87b000 	C:\Program Files\Eclipse Adoptium\jdk-11.0.14.9-hotspot\bin\msvcp140.dll
0x00007ffa4c850000 - 0x00007ffa4d3d1000 	C:\Program Files\Eclipse Adoptium\jdk-11.0.14.9-hotspot\bin\server\jvm.dll
0x00007ffa884a0000 - 0x00007ffa8854e000 	C:\WINDOWS\System32\ADVAPI32.dll
0x00007ffa88970000 - 0x00007ffa88a0c000 	C:\WINDOWS\System32\sechost.dll
0x00007ffa879d0000 - 0x00007ffa87af5000 	C:\WINDOWS\System32\RPCRT4.dll
0x00007ffa87700000 - 0x00007ffa87708000 	C:\WINDOWS\System32\PSAPI.DLL
0x00007ffa71a40000 - 0x00007ffa71a49000 	C:\WINDOWS\SYSTEM32\WSOCK32.dll
0x00007ffa88bf0000 - 0x00007ffa88c5b000 	C:\WINDOWS\System32\WS2_32.dll
0x00007ffa62920000 - 0x00007ffa62947000 	C:\WINDOWS\SYSTEM32\WINMM.dll
0x00007ffa75ec0000 - 0x00007ffa75eca000 	C:\WINDOWS\SYSTEM32\VERSION.dll
0x00007ffa854e0000 - 0x00007ffa854f2000 	C:\WINDOWS\SYSTEM32\kernel.appcore.dll
0x00007ffa834e0000 - 0x00007ffa834f0000 	C:\Program Files\Eclipse Adoptium\jdk-11.0.14.9-hotspot\bin\verify.dll
0x00007ffa851b0000 - 0x00007ffa85394000 	C:\WINDOWS\SYSTEM32\DBGHELP.DLL
0x00007ffa6e0a0000 - 0x00007ffa6e0cc000 	C:\WINDOWS\SYSTEM32\dbgcore.DLL
0x00007ffa87130000 - 0x00007ffa871b2000 	C:\WINDOWS\System32\bcryptPrimitives.dll
0x00007ffa7ea70000 - 0x00007ffa7ea98000 	C:\Program Files\Eclipse Adoptium\jdk-11.0.14.9-hotspot\bin\java.dll
0x00007ffa83370000 - 0x00007ffa8337a000 	C:\Program Files\Eclipse Adoptium\jdk-11.0.14.9-hotspot\bin\jimage.dll
0x00007ffa812e0000 - 0x00007ffa812f8000 	C:\Program Files\Eclipse Adoptium\jdk-11.0.14.9-hotspot\bin\zip.dll

dbghelp: loaded successfully - version: 4.0.5 - missing functions: none
symbol engine: initialized successfully - sym options: 0x614 - pdb path: .;C:\Program Files\Eclipse Adoptium\jdk-11.0.14.9-hotspot\bin;C:\WINDOWS\SYSTEM32;C:\WINDOWS\WinSxS\amd64_microsoft.windows.common-controls_6595b64144ccf1df_6.0.19041.1110_none_60b5254171f9507e;C:\Program Files\Eclipse Adoptium\jdk-11.0.14.9-hotspot\bin\server

VM Arguments:
jvm_args: -Dapplication.home=C:\Program Files\Eclipse Adoptium\jdk-11.0.14.9-hotspot --add-modules=ALL-DEFAULT -Xms8m -Djdk.module.main=jdk.compiler 
java_command: jdk.compiler/com.sun.tools.javac.Main -d C:\Users\User\OneDrive\Documents\NetBeansProjects\Lottery\build\classes -classpath C:\Users\User\OneDrive\Documents\NetBeansProjects\Lottery\build\classes -sourcepath C:\Users\User\OneDrive\Documents\NetBeansProjects\Lottery\build\empty -target 11 -encoding UTF-8 -g -processorpath C:\Users\User\OneDrive\Documents\NetBeansProjects\Lottery\build\empty -s C:\Users\User\OneDrive\Documents\NetBeansProjects\Lottery\build\generated-sources\ap-source-output -source 11 C:\Users\User\OneDrive\Documents\NetBeansProjects\Lottery\src\lottery\Lottery.java
java_class_path (initial): <not set>
Launcher Type: SUN_STANDARD

[Global flags]
     intx CICompilerCount                          = 2                                         {product} {ergonomic}
     uint ConcGCThreads                            = 1                                         {product} {ergonomic}
     uint G1ConcRefinementThreads                  = 2                                         {product} {ergonomic}
   size_t G1HeapRegionSize                         = 1048576                                   {product} {ergonomic}
    uintx GCDrainStackTargetSize                   = 64                                        {product} {ergonomic}
   size_t InitialHeapSize                          = 8388608                                   {product} {command line}
   size_t MarkStackSize                            = 4194304                                   {product} {ergonomic}
   size_t MaxHeapSize                              = 1033895936                                {product} {ergonomic}
   size_t MinHeapDeltaBytes                        = 1048576                                   {product} {ergonomic}
    uintx NonNMethodCodeHeapSize                   = 5825164                                {pd product} {ergonomic}
    uintx NonProfiledCodeHeapSize                  = 122916538                              {pd product} {ergonomic}
    uintx ProfiledCodeHeapSize                     = 122916538                              {pd product} {ergonomic}
    uintx ReservedCodeCacheSize                    = 251658240                              {pd product} {ergonomic}
     bool SegmentedCodeCache                       = true                                      {product} {ergonomic}
     bool UseCompressedClassPointers               = true                                 {lp64_product} {ergonomic}
     bool UseCompressedOops                        = true                                 {lp64_product} {ergonomic}
     bool UseG1GC                                  = true                                      {product} {ergonomic}
     bool UseLargePagesIndividualAllocation        = false                                  {pd product} {ergonomic}

Logging:
Log output configuration:
 #0: stdout all=warning uptime,level,tags
 #1: stderr all=off uptime,level,tags

Environment Variables:
JAVA_HOME=C:\Program Files\Eclipse Adoptium\jdk-11.0.14.9-hotspot\
PATH=C:\Program Files (x86)\Common Files\Intel\Shared Libraries\redist\intel64_win\compiler;C:\Program Files\Eclipse Adoptium\jdk-11.0.14.9-hotspot\bin;C:\Program Files (x86)\Common Files\Intel\Shared Libraries\redist\intel64\compiler;C:\WINDOWS\system32;C:\WINDOWS;C:\WINDOWS\System32\Wbem;C:\WINDOWS\System32\WindowsPowerShell\v1.0\;C:\WINDOWS\System32\OpenSSH\;C:\Users\User\AppData\Local\Programs\Python\Python310\Scripts\;C:\Users\User\AppData\Local\Programs\Python\Python310\;C:\Users\User\AppData\Local\Microsoft\WindowsApps;C:\ProgramData\User\atom\bin;C:\Users\User\AppData\Local\Programs\Microsoft VS Code\bin
USERNAME=User
OS=Windows_NT
PROCESSOR_IDENTIFIER=Intel64 Family 6 Model 92 Stepping 9, GenuineIntel



---------------  S Y S T E M  ---------------

OS: Windows 10 , 64 bit Build 19041 (10.0.19041.1806)
OS uptime: 2 days 10:27 hours

CPU:total 2 (initial active 2) (2 cores per cpu, 1 threads per core) family 6 model 92 stepping 9 microcode 0x3c, cmov, cx8, fxsr, mmx, sse, sse2, sse3, ssse3, sse4.1, sse4.2, popcnt, aes, clmul, erms, 3dnowpref, tsc, tscinvbit, sha

Memory: 4k page, system-wide physical 3936M (925M free)
TotalPageFile size 5324M (AvailPageFile size 5M)
current process WorkingSet (physical memory assigned to process): 9M, peak: 9M
current process commit charge ("private bytes"): 45M, peak: 46M

vm_info: OpenJDK 64-Bit Server VM (11.0.14+9) for windows-amd64 JRE (11.0.14+9), built on Jan 19 2022 06:39:50 by "" with unknown MS VC++:1916

END.
